      0        0.001            1       0            0       0
      1        0.001            2       0            0       0
      2       14.987            4       0            0       0
      3       15.487            4       0            0       0
      4       15.987            4       0            0       0
      5       16.487            4       0            0       0
      6       16.987            4       0            0       0
      7       17.487            4       0            0       0
      8       17.987            4       0            0       0
      9       18.487            4       0            0       0
     10       18.987            4       0            0       0
     11       19.487            4       0            0       0
     12       19.987            4       0            0       0
     13       20.487            4       0            0       0
     14       20.987            4       0            0       0
     15       21.487            4       0            0       0
     16       21.987            4       0            0       0
     17       22.487            4       0            0       0
     18       22.987            4       0            0       0
     19       23.487            6       1          301      50
     20       23.987            4       0            0       0
     21       24.487            4       0            0       0
     22       24.987            4       0            0       0
     23       25.487            4       0            0       0
     24       25.987            4       0            0       0
     25       26.487            4       0            0       0
     26       26.987            4       0            0       0
     27       27.487            4       0            0       0
     28       27.987            4       0            0       0
     29       28.487            4       0            0       0
     30       28.987            4       0            0       0
     31       29.487            4       0            0       0
     32       29.987            6       1          442      50
     33       30.487            4       0            0       0
     34       30.987            4       0            0       0
     35       31.487            4       0            0       0
     36       31.987            4       0            0       0
     37       32.487            4       0            0       0
     38       32.987            4       0            0       0
     39       33.487            4       0            0       0
     40       33.987            4       0            0       0
     41       34.487            4       0            0       0
     42       34.987            4       0            0       0
     43       35.487            4       0            0       0
     44       35.987            4       0            0       0
     45       36.487            4       0            0       0
     46       36.987            4       0            0       0
     47       37.487            4       0            0       0
     48       37.987            4       0            0       0
     49       38.487            6       1          302      50
     50       38.987            4       0            0       0
     51       39.487            4       0            0       0
     52       39.987            4       0            0       0
     53       40.487            4       0            0       0
     54       40.987            4       0            0       0
     55       41.487            4       0            0       0
     56       41.987            4       0            0       0
     57       42.487            4       0            0       0
     58       42.987            4       0            0       0
     59       43.487            4       0            0       0
     60       43.987            4       0            0       0
     61       44.487            4       0            0       0
     62       44.987            4       0            0       0
     63       45.487            4       0            0       0
     64       45.987            6       1          322      50
     65       46.487            4       0            0       0
     66       46.987            4       0            0       0
     67       47.487            4       0            0       0
     68       47.987            4       0            0       0
     69       48.487            4       0            0       0
     70       48.987            4       0            0       0
     71       49.487            4       0            0       0
     72       49.987            4       0            0       0
     73       50.487            4       0            0       0
     74       50.987            4       0            0       0
     75       51.487            4       0            0       0
     76       51.987            4       0            0       0
     77       52.487            4       0            0       0
     78       52.987            4       0            0       0
     79       53.487            4       0            0       0
     80       53.987            6       1          282      50
     81       54.487            4       0            0       0
     82       54.987            4       0            0       0
     83       55.487            4       0            0       0
     84       55.987            4       0            0       0
     85       56.487            4       0            0       0
     86       56.987            4       0            0       0
     87       57.487            4       0            0       0
     88       57.987            4       0            0       0
     89       58.487            4       0            0       0
     90       58.987            4       0            0       0
     91       59.487            4       0            0       0
     92       59.987            4       0            0       0
     93       60.487            4       0            0       0
     94       60.987            6       1          379      50
     95       61.487            4       0            0       0
     96       61.987            4       0            0       0
     97       62.487            4       0            0       0
     98       62.987            4       0            0       0
     99       63.487            4       0            0       0
    100       63.987            4       0            0       0
    101       64.487            4       0            0       0
    102       64.987            4       0            0       0
    103       65.487            4       0            0       0
    104       65.987            4       0            0       0
    105       66.487            4       0            0       0
    106       66.987            4       0            0       0
    107       67.487            4       0            0       0
    108       67.987            4       0            0       0
    109       68.487            4       0            0       0
    110       68.987            4       0            0       0
    111       69.487            4       0            0       0
    112       69.987            4       0            0       0
    113       70.487            4       0            0       0
    114       70.987            4       0            0       0
    115       71.487            4       0            0       0
    116       71.987            6       1          267      50
    117       72.487            4       0            0       0
    118       72.987            4       0            0       0
    119       73.487            4       0            0       0
    120       73.987            4       0            0       0
    121       74.487            4       0            0       0
    122       74.987            4       0            0       0
    123       75.487            4       0            0       0
    124       75.987            4       0            0       0
    125       76.487            4       0            0       0
    126       76.987            4       0            0       0
    127       77.487            4       0            0       0
    128       77.987            6       1          331      50
    129       78.487            4       0            0       0
    130       78.987            4       0            0       0
    131       79.487            4       0            0       0
    132       79.987            4       0            0       0
    133       80.487            4       0            0       0
    134       80.987            4       0            0       0
    135       81.487            4       0            0       0
    136       81.987            4       0            0       0
    137       82.487            4       0            0       0
    138       82.987            4       0            0       0
    139       83.487            4       0            0       0
    140       83.987            4       0            0       0
    141       84.487            4       0            0       0
    142       84.987            4       0            0       0
    143       85.487            4       0            0       0
    144       85.987            4       0            0       0
    145       86.487            4       0            0       0
    146       86.987            4       0            0       0
    147       87.487            4       0            0       0
    148       87.987            4       0            0       0
    149       88.487            4       0            0       0
    150       88.987            4       0            0       0
    151       89.487            4       0            0       0
    152       89.987            6       1          268      50
    153       90.487            4       0            0       0
    154       90.987            4       0            0       0
    155       91.487            4       0            0       0
    156       91.987            4       0            0       0
    157       92.487            4       0            0       0
    158       92.987            4       0            0       0
    159       93.487            4       0            0       0
    160       93.987            4       0            0       0
    161       94.487            4       0            0       0
    162       94.987            4       0            0       0
    163       95.487            4       0            0       0
    164       95.987            4       0            0       0
    165       96.487            4       0            0       0
    166       96.987            4       0            0       0
    167       97.487            4       0            0       0
    168       97.987            4       0            0       0
    169       98.487            4       0            0       0
    170       98.987            4       0            0       0
    171       99.487            4       0            0       0
    172       99.987            4       0            0       0
    173      100.487            4       0            0       0
    174      100.987            4       0            0       0
    175      101.487            4       0            0       0
    176      101.987            4       0            0       0
    177      102.487            4       0            0       0
    178      102.987            4       0            0       0
    179      103.487            4       0            0       0
    180      103.987            6       1          284      50
    181      104.487            4       0            0       0
    182      104.987            4       0            0       0
    183      105.487            4       0            0       0
    184      105.987            4       0            0       0
    185      106.487            4       0            0       0
    186      106.987            4       0            0       0
    187      107.487            4       0            0       0
    188      107.987            4       0            0       0
    189      108.487            4       0            0       0
    190      108.987            4       0            0       0
    191      109.487            4       0            0       0
    192      109.987            6       1          316      50
    193      110.487            4       0            0       0
    194      110.987            4       0            0       0
    195      111.487            4       0            0       0
    196      111.987            4       0            0       0
    197      112.487            4       0            0       0
    198      112.987            4       0            0       0
    199      113.487            4       0            0       0
    200      113.987            4       0            0       0
    201      114.487            4       0            0       0
    202      114.987            4       0            0       0
    203      115.487            4       0            0       0
    204      115.987            4       0            0       0
    205      116.487            4       0            0       0
    206      116.987            4       0            0       0
    207      117.487            4       0            0       0
    208      117.987            4       0            0       0
    209      118.487            4       0            0       0
    210      118.987            4       0            0       0
    211      119.487            6       1          305      50
    212      119.987            4       0            0       0
    213      120.487            4       0            0       0
    214      120.987            4       0            0       0
    215      121.487            4       0            0       0
    216      121.987            4       0            0       0
    217      122.487            4       0            0       0
    218      122.987            4       0            0       0
    219      123.487            4       0            0       0
    220      123.987            4       0            0       0
    221      124.487            4       0            0       0
    222      124.987            4       0            0       0
    223      125.487            4       0            0       0
    224      125.987            6       1          245      50
    225      126.487            4       0            0       0
    226      126.987            4       0            0       0
    227      127.487            4       0            0       0
    228      127.987            4       0            0       0
    229      128.487            4       0            0       0
    230      128.987            4       0            0       0
    231      129.487            4       0            0       0
    232      129.987            4       0            0       0
    233      130.487            4       0            0       0
    234      130.987            4       0            0       0
    235      131.487            4       0            0       0
    236      131.987            4       0            0       0
    237      132.487            4       0            0       0
    238      132.987            4       0            0       0
    239      133.487            4       0            0       0
    240      133.987            4       0            0       0
    241      134.487            4       0            0       0
    242      134.987            4       0            0       0
    243      135.487            4       0            0       0
    244      135.987            6       1          245      50
    245      136.487            4       0            0       0
    246      136.987            4       0            0       0
    247      137.487            4       0            0       0
    248      137.987            4       0            0       0
    249      138.487            4       0            0       0
    250      138.987            4       0            0       0
    251      139.487            4       0            0       0
    252      139.987            4       0            0       0
    253      140.487            4       0            0       0
    254      140.987            4       0            0       0
    255      141.487            4       0            0       0
    256      141.987            4       0            0       0
    257      142.487            4       0            0       0
    258      142.987            6       1          301      50
    259      143.487            4       0            0       0
    260      143.987            4       0            0       0
    261      144.487            4       0            0       0
    262      144.987            4       0            0       0
    263      145.487            4       0            0       0
    264      145.987            4       0            0       0
    265      146.487            4       0            0       0
    266      146.987            4       0            0       0
    267      147.487            4       0            0       0
    268      147.987            4       0            0       0
    269      148.487            4       0            0       0
    270      148.987            4       0            0       0
    271      149.487            4       0            0       0
    272      149.987            4       0            0       0
    273      150.487            6       1          337      50
    274      150.987            4       0            0       0
    275      151.487            4       0            0       0
    276      151.987            4       0            0       0
    277      152.487            4       0            0       0
    278      152.987            4       0            0       0
    279      153.487            4       0            0       0
    280      153.987            4       0            0       0
    281      154.487            4       0            0       0
    282      154.987            4       0            0       0
    283      155.487            4       0            0       0
    284      155.987            4       0            0       0
    285      156.487            4       0            0       0
    286      156.987            6       1          342      50
    287      157.487            4       0            0       0
    288      157.987            4       0            0       0
    289      158.487            4       0            0       0
    290      158.987            4       0            0       0
    291      159.487            4       0            0       0
    292      159.987            4       0            0       0
    293      160.487            4       0            0       0
    294      160.987            4       0            0       0
    295      161.487            4       0            0       0
    296      161.987            4       0            0       0
    297      162.487            4       0            0       0
    298      162.987            4       0            0       0
    299      163.487            4       0            0       0
    300      163.987            4       0            0       0
    301      164.487            4       0            0       0
    302      164.987            4       0            0       0
    303      165.487            4       0            0       0
    304      165.987            4       0            0       0
    305      166.487            4       0            0       0
    306      166.987            4       0            0       0
    307      167.487            4       0            0       0
    308      167.987            4       0            0       0
    309      168.487            4       0            0       0
    310      168.987            4       0            0       0
    311      169.487            4       0            0       0
    312      169.987            6       1          254      50
    313      170.487            4       0            0       0
    314      170.987            4       0            0       0
    315      171.487            4       0            0       0
    316      171.987            4       0            0       0
    317      172.487            4       0            0       0
    318      172.987            4       0            0       0
    319      173.487            4       0            0       0
    320      173.987            4       0            0       0
    321      174.487            4       0            0       0
    322      174.987            4       0            0       0
    323      175.487            4       0            0       0
    324      175.987            4       0            0       0
    325      176.487            6       1          314      50
    326      176.987            4       0            0       0
    327      177.487            4       0            0       0
    328      177.987            4       0            0       0
    329      178.487            4       0            0       0
    330      178.987            4       0            0       0
    331      179.487            4       0            0       0
    332      179.987            4       0            0       0
    333      180.487            4       0            0       0
    334      180.987            4       0            0       0
    335      181.487            4       0            0       0
    336      181.987            4       0            0       0
    337      182.487            4       0            0       0
    338      182.987            6       1          262      50
    339      183.487            4       0            0       0
    340      183.987            4       0            0       0
    341      184.487            4       0            0       0
    342      184.987            4       0            0       0
    343      185.487            4       0            0       0
    344      185.987            4       0            0       0
    345      186.487            4       0            0       0
    346      186.987            4       0            0       0
    347      187.487            4       0            0       0
    348      187.987            4       0            0       0
    349      188.487            4       0            0       0
    350      188.987            4       0            0       0
    351      189.487            4       0            0       0
    352      189.987            6       1          287      50
    353      190.487            4       0            0       0
    354      190.987            4       0            0       0
    355      191.487            4       0            0       0
    356      191.987            4       0            0       0
    357      192.487            4       0            0       0
    358      192.987            4       0            0       0
    359      193.487            4       0            0       0
    360      193.987            4       0            0       0
    361      194.487            4       0            0       0
    362      194.987            4       0            0       0
    363      195.487            4       0            0       0
    364      195.987            4       0            0       0
    365      196.487            4       0            0       0
    366      196.987            4       0            0       0
    367      197.487            4       0            0       0
    368      197.987            4       0            0       0
    369      198.487            4       0            0       0
    370      198.987            6       1          255      50
    371      199.487            4       0            0       0
    372      199.987            4       0            0       0
    373      200.487            4       0            0       0
    374      200.987            4       0            0       0
    375      201.487            4       0            0       0
    376      201.987            4       0            0       0
    377      202.487            4       0            0       0
    378      202.987            4       0            0       0
    379      203.487            4       0            0       0
    380      203.987            4       0            0       0
    381      204.487            4       0            0       0
    382      204.987            6       1          391      50
    383      205.487            4       0            0       0
    384      205.987            4       0            0       0
    385      206.487            4       0            0       0
    386      206.987            4       0            0       0
    387      207.487            4       0            0       0
    388      207.987            4       0            0       0
    389      208.487            4       0            0       0
    390      208.987            4       0            0       0
    391      209.487            4       0            0       0
    392      209.987            4       0            0       0
    393      210.487            4       0            0       0
    394      210.987            4       0            0       0
    395      211.487            4       0            0       0
    396      211.987            4       0            0       0
    397      212.487            4       0            0       0
    398      212.987            4       0            0       0
    399      213.487            4       0            0       0
    400      213.987            4       0            0       0
    401      214.487            6       1          227      50
    402      214.987            4       0            0       0
    403      215.487            4       0            0       0
    404      215.987            4       0            0       0
    405      216.487            4       0            0       0
    406      216.987            4       0            0       0
    407      217.487            4       0            0       0
    408      217.987            4       0            0       0
    409      218.487            4       0            0       0
    410      218.987            4       0            0       0
    411      219.487            4       0            0       0
    412      219.987            4       0            0       0
    413      220.487            4       0            0       0
    414      220.987            4       0            0       0
    415      221.487            4       0            0       0
    416      221.987            4       0            0       0
    417      222.487            4       0            0       0
    418      222.987            4       0            0       0
    419      223.487            4       0            0       0
    420      223.987            4       0            0       0
    421      224.487            4       0            0       0
    422      224.987            4       0            0       0
    423      225.487            4       0            0       0
    424      225.987            6       1          224      50
    425      226.487            4       0            0       0
    426      226.987            4       0            0       0
    427      227.487            4       0            0       0
    428      227.987            4       0            0       0
    429      228.487            4       0            0       0
    430      228.987            4       0            0       0
    431      229.487            4       0            0       0
    432      229.987            4       0            0       0
    433      230.487            4       0            0       0
    434      230.987            4       0            0       0
    435      231.487            4       0            0       0
    436      231.987            4       0            0       0
    437      232.487            4       0            0       0
    438      232.987            4       0            0       0
    439      233.487            6       1          300      50
    440      233.987            4       0            0       0
    441      234.487            4       0            0       0
    442      234.987            4       0            0       0
    443      235.487            4       0            0       0
    444      235.987            4       0            0       0
    445      236.487            4       0            0       0
    446      236.987            4       0            0       0
    447      237.487            4       0            0       0
    448      237.987            4       0            0       0
    449      238.487            4       0            0       0
    450      238.987            4       0            0       0
    451      239.487            4       0            0       0
    452      239.987            4       0            0       0
    453      240.487            4       0            0       0
    454      240.987            4       0            0       0
    455      241.487            4       0            0       0
    456      241.987            4       0            0       0
    457      242.487            4       0            0       0
    458      242.987            4       0            0       0
    459      243.487            6       1          292      50
    460      243.987            4       0            0       0
    461      244.487            4       0            0       0
    462      244.987            4       0            0       0
    463      245.487            4       0            0       0
    464      245.987            4       0            0       0
    465      246.487            4       0            0       0
    466      246.987            4       0            0       0
    467      247.487            4       0            0       0
    468      247.987            4       0            0       0
    469      248.487            4       0            0       0
    470      248.987            4       0            0       0
    471      249.487            4       0            0       0
    472      249.987            4       0            0       0
    473      250.487            6       1          317      50
    474      250.987            4       0            0       0
    475      251.487            4       0            0       0
    476      251.987            4       0            0       0
    477      252.487            4       0            0       0
    478      252.987            4       0            0       0
    479      253.487            4       0            0       0
    480      253.987            4       0            0       0
    481      254.487            4       0            0       0
    482      254.987            4       0            0       0
    483      255.487            4       0            0       0
    484      255.987            4       0            0       0
    485      256.487            4       0            0       0
    486      256.987            4       0            0       0
    487      257.487            4       0            0       0
    488      257.987            4       0            0       0
    489      258.487            4       0            0       0
    490      258.987            6       1          289      50
    491      259.487            4       0            0       0
    492      259.987            4       0            0       0
    493      260.487            4       0            0       0
    494      260.987            4       0            0       0
    495      261.487            4       0            0       0
    496      261.987            4       0            0       0
    497      262.487            4       0            0       0
    498      262.987            4       0            0       0
    499      263.487            4       0            0       0
    500      263.987            4       0            0       0
    501      264.487            4       0            0       0
    502      264.987            2       0            0       0
    503      280.987            0       0            0       0
