      0        0.001            1       0            0       0
      1        0.002            2       0            0       0
      2       14.984            4       0            0       0
      3       15.484            4       0            0       0
      4       15.984            4       0            0       0
      5       16.484            4       0            0       0
      6       16.984            4       0            0       0
      7       17.484            4       0            0       0
      8       17.984            4       0            0       0
      9       18.484            4       0            0       0
     10       18.984            4       0            0       0
     11       19.484            4       0            0       0
     12       19.984            4       0            0       0
     13       20.484            4       0            0       0
     14       20.984            6       1          349      50
     15       21.484            4       0            0       0
     16       21.984            4       0            0       0
     17       22.484            4       0            0       0
     18       22.984            4       0            0       0
     19       23.484            4       0            0       0
     20       23.984            4       0            0       0
     21       24.484            4       0            0       0
     22       24.984            4       0            0       0
     23       25.484            4       0            0       0
     24       25.984            4       0            0       0
     25       26.484            4       0            0       0
     26       26.984            4       0            0       0
     27       27.484            6       1          273      50
     28       27.984            4       0            0       0
     29       28.484            4       0            0       0
     30       28.984            4       0            0       0
     31       29.484            4       0            0       0
     32       29.984            4       0            0       0
     33       30.484            4       0            0       0
     34       30.984            4       0            0       0
     35       31.484            4       0            0       0
     36       31.984            4       0            0       0
     37       32.484            4       0            0       0
     38       32.984            4       0            0       0
     39       33.484            4       0            0       0
     40       33.984            4       0            0       0
     41       34.484            4       0            0       0
     42       34.984            4       0            0       0
     43       35.484            4       0            0       0
     44       35.984            4       0            0       0
     45       36.484            4       0            0       0
     46       36.984            4       0            0       0
     47       37.484            6       1          298      50
     48       37.984            4       0            0       0
     49       38.484            4       0            0       0
     50       38.984            4       0            0       0
     51       39.484            4       0            0       0
     52       39.984            4       0            0       0
     53       40.484            4       0            0       0
     54       40.984            4       0            0       0
     55       41.484            4       0            0       0
     56       41.984            4       0            0       0
     57       42.484            4       0            0       0
     58       42.984            4       0            0       0
     59       43.484            4       0            0       0
     60       43.984            4       0            0       0
     61       44.484            4       0            0       0
     62       44.984            4       0            0       0
     63       45.484            4       0            0       0
     64       45.984            4       0            0       0
     65       46.484            4       0            0       0
     66       46.984            4       0            0       0
     67       47.484            4       0            0       0
     68       47.984            4       0            0       0
     69       48.484            4       0            0       0
     70       48.984            4       0            0       0
     71       49.484            4       0            0       0
     72       49.984            4       0            0       0
     73       50.484            4       0            0       0
     74       50.984            6       1          246      50
     75       51.484            4       0            0       0
     76       51.984            4       0            0       0
     77       52.484            4       0            0       0
     78       52.984            4       0            0       0
     79       53.484            4       0            0       0
     80       53.984            4       0            0       0
     81       54.484            4       0            0       0
     82       54.984            4       0            0       0
     83       55.484            4       0            0       0
     84       55.984            4       0            0       0
     85       56.484            4       0            0       0
     86       56.984            4       0            0       0
     87       57.484            4       0            0       0
     88       57.984            4       0            0       0
     89       58.484            4       0            0       0
     90       58.984            4       0            0       0
     91       59.484            4       0            0       0
     92       59.984            4       0            0       0
     93       60.484            6       1          259      50
     94       60.984            4       0            0       0
     95       61.484            4       0            0       0
     96       61.984            4       0            0       0
     97       62.484            4       0            0       0
     98       62.984            4       0            0       0
     99       63.484            4       0            0       0
    100       63.984            4       0            0       0
    101       64.484            4       0            0       0
    102       64.984            4       0            0       0
    103       65.484            4       0            0       0
    104       65.984            4       0            0       0
    105       66.484            4       0            0       0
    106       66.984            4       0            0       0
    107       67.484            4       0            0       0
    108       67.984            4       0            0       0
    109       68.484            4       0            0       0
    110       68.984            4       0            0       0
    111       69.484            4       0            0       0
    112       69.984            6       1          231      50
    113       70.484            4       0            0       0
    114       70.984            4       0            0       0
    115       71.484            4       0            0       0
    116       71.984            4       0            0       0
    117       72.484            4       0            0       0
    118       72.984            4       0            0       0
    119       73.484            4       0            0       0
    120       73.984            4       0            0       0
    121       74.484            4       0            0       0
    122       74.984            4       0            0       0
    123       75.484            4       0            0       0
    124       75.984            4       0            0       0
    125       76.484            4       0            0       0
    126       76.984            4       0            0       0
    127       77.484            4       0            0       0
    128       77.984            6       1          231      50
    129       78.484            4       0            0       0
    130       78.984            4       0            0       0
    131       79.484            4       0            0       0
    132       79.984            4       0            0       0
    133       80.484            4       0            0       0
    134       80.984            4       0            0       0
    135       81.484            4       0            0       0
    136       81.984            4       0            0       0
    137       82.484            4       0            0       0
    138       82.984            4       0            0       0
    139       83.484            4       0            0       0
    140       83.984            4       0            0       0
    141       84.484            6       1          315      50
    142       84.985            4       0            0       0
    143       85.484            4       0            0       0
    144       85.984            4       0            0       0
    145       86.484            4       0            0       0
    146       86.984            4       0            0       0
    147       87.484            4       0            0       0
    148       87.984            4       0            0       0
    149       88.484            4       0            0       0
    150       88.984            4       0            0       0
    151       89.484            4       0            0       0
    152       89.984            4       0            0       0
    153       90.484            4       0            0       0
    154       90.984            4       0            0       0
    155       91.484            4       0            0       0
    156       91.984            4       0            0       0
    157       92.484            4       0            0       0
    158       92.984            4       0            0       0
    159       93.484            4       0            0       0
    160       93.984            6       1          232      50
    161       94.484            4       0            0       0
    162       94.984            4       0            0       0
    163       95.484            4       0            0       0
    164       95.984            4       0            0       0
    165       96.484            4       0            0       0
    166       96.984            4       0            0       0
    167       97.484            4       0            0       0
    168       97.984            4       0            0       0
    169       98.484            4       0            0       0
    170       98.984            4       0            0       0
    171       99.484            4       0            0       0
    172       99.984            6       1          320      50
    173      100.484            4       0            0       0
    174      100.984            4       0            0       0
    175      101.484            4       0            0       0
    176      101.984            4       0            0       0
    177      102.484            4       0            0       0
    178      102.984            4       0            0       0
    179      103.484            4       0            0       0
    180      103.984            4       0            0       0
    181      104.484            4       0            0       0
    182      104.984            4       0            0       0
    183      105.484            4       0            0       0
    184      105.984            4       0            0       0
    185      106.484            4       0            0       0
    186      106.984            4       0            0       0
    187      107.484            6       1          292      50
    188      107.984            4       0            0       0
    189      108.484            4       0            0       0
    190      108.984            4       0            0       0
    191      109.484            4       0            0       0
    192      109.984            4       0            0       0
    193      110.484            4       0            0       0
    194      110.984            4       0            0       0
    195      111.484            4       0            0       0
    196      111.984            4       0            0       0
    197      112.484            4       0            0       0
    198      112.984            4       0            0       0
    199      113.484            4       0            0       0
    200      113.984            4       0            0       0
    201      114.484            4       0            0       0
    202      114.984            4       0            0       0
    203      115.484            4       0            0       0
    204      115.984            6       1          240      50
    205      116.484            4       0            0       0
    206      116.984            4       0            0       0
    207      117.484            4       0            0       0
    208      117.984            4       0            0       0
    209      118.484            4       0            0       0
    210      118.984            4       0            0       0
    211      119.484            4       0            0       0
    212      119.984            4       0            0       0
    213      120.484            4       0            0       0
    214      120.984            4       0            0       0
    215      121.484            4       0            0       0
    216      121.984            6       1          280      50
    217      122.484            4       0            0       0
    218      122.984            4       0            0       0
    219      123.484            4       0            0       0
    220      123.984            4       0            0       0
    221      124.484            4       0            0       0
    222      124.984            4       0            0       0
    223      125.484            4       0            0       0
    224      125.984            4       0            0       0
    225      126.484            4       0            0       0
    226      126.984            4       0            0       0
    227      127.484            4       0            0       0
    228      127.984            4       0            0       0
    229      128.484            4       0            0       0
    230      128.984            4       0            0       0
    231      129.484            4       0            0       0
    232      129.984            4       0            0       0
    233      130.484            4       0            0       0
    234      130.984            4       0            0       0
    235      131.484            4       0            0       0
    236      131.984            4       0            0       0
    237      132.484            4       0            0       0
    238      132.984            4       0            0       0
    239      133.484            4       0            0       0
    240      133.984            4       0            0       0
    241      134.484            4       0            0       0
    242      134.984            4       0            0       0
    243      135.484            4       0            0       0
    244      135.984            4       0            0       0
    245      136.484            6       1          309      50
    246      136.984            4       0            0       0
    247      137.484            4       0            0       0
    248      137.984            4       0            0       0
    249      138.484            4       0            0       0
    250      138.984            4       0            0       0
    251      139.484            4       0            0       0
    252      139.984            4       0            0       0
    253      140.484            4       0            0       0
    254      140.984            4       0            0       0
    255      141.484            4       0            0       0
    256      141.984            4       0            0       0
    257      142.484            4       0            0       0
    258      142.984            4       0            0       0
    259      143.484            6       1          397      50
    260      143.984            4       0            0       0
    261      144.484            4       0            0       0
    262      144.984            4       0            0       0
    263      145.484            4       0            0       0
    264      145.984            4       0            0       0
    265      146.484            4       0            0       0
    266      146.984            4       0            0       0
    267      147.484            4       0            0       0
    268      147.984            4       0            0       0
    269      148.484            4       0            0       0
    270      148.984            4       0            0       0
    271      149.484            4       0            0       0
    272      149.984            4       0            0       0
    273      150.484            4       0            0       0
    274      150.984            4       0            0       0
    275      151.484            4       0            0       0
    276      151.984            4       0            0       0
    277      152.484            4       0            0       0
    278      152.984            4       0            0       0
    279      153.484            6       1          238      50
    280      153.984            4       0            0       0
    281      154.484            4       0            0       0
    282      154.984            4       0            0       0
    283      155.484            4       0            0       0
    284      155.984            4       0            0       0
    285      156.484            4       0            0       0
    286      156.984            4       0            0       0
    287      157.484            4       0            0       0
    288      157.984            4       0            0       0
    289      158.484            4       0            0       0
    290      158.984            4       0            0       0
    291      159.484            4       0            0       0
    292      159.984            4       0            0       0
    293      160.484            6       1          286      50
    294      160.984            4       0            0       0
    295      161.484            4       0            0       0
    296      161.984            4       0            0       0
    297      162.484            4       0            0       0
    298      162.984            4       0            0       0
    299      163.484            4       0            0       0
    300      163.984            4       0            0       0
    301      164.484            4       0            0       0
    302      164.984            4       0            0       0
    303      165.484            4       0            0       0
    304      165.984            4       0            0       0
    305      166.484            4       0            0       0
    306      166.984            4       0            0       0
    307      167.484            6       1          294      50
    308      167.984            4       0            0       0
    309      168.484            4       0            0       0
    310      168.984            4       0            0       0
    311      169.484            4       0            0       0
    312      169.984            4       0            0       0
    313      170.484            4       0            0       0
    314      170.984            4       0            0       0
    315      171.484            4       0            0       0
    316      171.984            4       0            0       0
    317      172.484            4       0            0       0
    318      172.984            4       0            0       0
    319      173.484            6       1          294      50
    320      173.984            4       0            0       0
    321      174.484            4       0            0       0
    322      174.984            4       0            0       0
    323      175.484            4       0            0       0
    324      175.984            4       0            0       0
    325      176.484            4       0            0       0
    326      176.984            4       0            0       0
    327      177.484            4       0            0       0
    328      177.984            4       0            0       0
    329      178.484            4       0            0       0
    330      178.984            4       0            0       0
    331      179.484            4       0            0       0
    332      179.984            4       0            0       0
    333      180.484            4       0            0       0
    334      180.984            4       0            0       0
    335      181.484            4       0            0       0
    336      181.984            4       0            0       0
    337      182.484            4       0            0       0
    338      183.026            4       0            0       0
    339      183.484            4       0            0       0
    340      183.984            4       0            0       0
    341      184.484            4       0            0       0
    342      184.984            4       0            0       0
    343      185.484            4       0            0       0
    344      185.984            4       0            0       0
    345      186.484            4       0            0       0
    346      186.984            4       0            0       0
    347      187.484            4       0            0       0
    348      187.984            4       0            0       0
    349      188.484            4       0            0       0
    350      188.984            4       0            0       0
    351      189.484            6       1          319      50
    352      189.984            4       0            0       0
    353      190.484            4       0            0       0
    354      190.984            4       0            0       0
    355      191.484            4       0            0       0
    356      191.984            4       0            0       0
    357      192.484            4       0            0       0
    358      192.984            4       0            0       0
    359      193.484            4       0            0       0
    360      193.984            4       0            0       0
    361      194.484            4       0            0       0
    362      194.984            4       0            0       0
    363      195.484            4       0            0       0
    364      195.984            4       0            0       0
    365      196.484            4       0            0       0
    366      196.984            4       0            0       0
    367      197.484            4       0            0       0
    368      197.984            4       0            0       0
    369      198.484            4       0            0       0
    370      198.984            4       0            0       0
    371      199.484            4       0            0       0
    372      199.984            4       0            0       0
    373      200.484            4       0            0       0
    374      200.984            6       1          299      50
    375      201.484            4       0            0       0
    376      201.984            4       0            0       0
    377      202.484            4       0            0       0
    378      202.984            4       0            0       0
    379      203.484            4       0            0       0
    380      203.984            4       0            0       0
    381      204.484            4       0            0       0
    382      204.984            4       0            0       0
    383      205.484            4       0            0       0
    384      205.984            4       0            0       0
    385      206.484            4       0            0       0
    386      206.984            4       0            0       0
    387      207.484            4       0            0       0
    388      207.984            4       0            0       0
    389      208.484            4       0            0       0
    390      208.984            4       0            0       0
    391      209.484            4       0            0       0
    392      209.984            4       0            0       0
    393      210.484            4       0            0       0
    394      210.984            6       1          299      50
    395      211.484            4       0            0       0
    396      211.984            4       0            0       0
    397      212.484            4       0            0       0
    398      212.984            4       0            0       0
    399      213.484            4       0            0       0
    400      213.984            4       0            0       0
    401      214.484            4       0            0       0
    402      214.984            4       0            0       0
    403      215.484            4       0            0       0
    404      215.984            4       0            0       0
    405      216.484            4       0            0       0
    406      216.984            4       0            0       0
    407      217.484            4       0            0       0
    408      217.984            4       0            0       0
    409      218.484            4       0            0       0
    410      218.984            4       0            0       0
    411      219.484            4       0            0       0
    412      219.984            4       0            0       0
    413      220.484            4       0            0       0
    414      220.984            4       0            0       0
    415      221.484            6       1          320      50
    416      221.984            4       0            0       0
    417      222.484            4       0            0       0
    418      222.984            4       0            0       0
    419      223.484            4       0            0       0
    420      223.984            4       0            0       0
    421      224.484            4       0            0       0
    422      224.984            4       0            0       0
    423      225.484            4       0            0       0
    424      225.985            4       0            0       0
    425      226.484            4       0            0       0
    426      226.984            4       0            0       0
    427      227.484            4       0            0       0
    428      227.984            6       1          348      50
    429      228.484            4       0            0       0
    430      228.984            4       0            0       0
    431      229.484            4       0            0       0
    432      229.984            4       0            0       0
    433      230.484            4       0            0       0
    434      230.984            4       0            0       0
    435      231.484            4       0            0       0
    436      231.984            4       0            0       0
    437      232.484            4       0            0       0
    438      232.984            4       0            0       0
    439      233.484            4       0            0       0
    440      233.984            4       0            0       0
    441      234.484            6       1          336      50
    442      234.984            4       0            0       0
    443      235.484            4       0            0       0
    444      235.984            4       0            0       0
    445      236.484            4       0            0       0
    446      236.984            4       0            0       0
    447      237.484            4       0            0       0
    448      237.984            4       0            0       0
    449      238.484            4       0            0       0
    450      238.984            4       0            0       0
    451      239.484            4       0            0       0
    452      239.984            4       0            0       0
    453      240.484            4       0            0       0
    454      240.984            4       0            0       0
    455      241.484            4       0            0       0
    456      241.984            4       0            0       0
    457      242.484            4       0            0       0
    458      242.984            6       1          292      50
    459      243.484            4       0            0       0
    460      243.984            4       0            0       0
    461      244.484            4       0            0       0
    462      244.984            4       0            0       0
    463      245.484            4       0            0       0
    464      245.984            4       0            0       0
    465      246.484            4       0            0       0
    466      246.984            4       0            0       0
    467      247.484            4       0            0       0
    468      247.984            4       0            0       0
    469      248.484            4       0            0       0
    470      248.984            4       0            0       0
    471      249.484            4       0            0       0
    472      249.985            4       0            0       0
    473      250.484            4       0            0       0
    474      250.984            4       0            0       0
    475      251.484            4       0            0       0
    476      251.984            4       0            0       0
    477      252.484            4       0            0       0
    478      252.984            6       1          277      50
    479      253.484            4       0            0       0
    480      253.984            4       0            0       0
    481      254.484            4       0            0       0
    482      254.984            4       0            0       0
    483      255.484            4       0            0       0
    484      255.984            4       0            0       0
    485      256.484            4       0            0       0
    486      256.984            4       0            0       0
    487      257.484            4       0            0       0
    488      257.984            4       0            0       0
    489      258.484            4       0            0       0
    490      258.984            6       1          437      50
    491      259.484            4       0            0       0
    492      259.984            4       0            0       0
    493      260.484            4       0            0       0
    494      260.984            4       0            0       0
    495      261.484            4       0            0       0
    496      261.984            4       0            0       0
    497      262.484            4       0            0       0
    498      262.984            4       0            0       0
    499      263.484            4       0            0       0
    500      263.984            4       0            0       0
    501      264.484            4       0            0       0
    502      264.984            2       0            0       0
    503      280.984            0       0            0       0
