      0        0.003            0       0            0       0
      1        4.006       573100       0            0       0
      2        5.007            0       0            0       0
      3        5.509       575406       0            0       0
      4        9.000            0       0            0       0
      5       11.014      1575706       1         1352     208
      6       12.000            0       0            0       0
      7       15.009       583100       0            0       0
      8       16.005            0       0            0       0
      9       16.507       583404       0            0       0
     10       20.000            0       0            0       0
     11       22.034      1583704       1         1237     208
     12       23.000            0       0            0       0
     13       26.006       595100       0            0       0
     14       27.005            0       0            0       0
     15       27.510       591402       0            0       0
     16       31.000            0       0            0       0
     17       33.032      2591702       1          679     208
     18       34.000            0       0            0       0
     19       37.027       561100       0            0       0
     20       38.035            0       0            0       0
     21       38.514       563404       0            0       0
     22       42.000            0       0            0       0
     23       44.007      2563704       1          968     208
     24       45.000            0       0            0       0
     25       48.006       563100       0            0       0
     26       49.005            0       0            0       0
     27       49.508       565406       0            0       0
     28       53.000            0       0            0       0
     29       55.007      1565706       1         1044     203
     30       56.000            0       0            0       0
     31       59.008       513100       0            0       0
     32       60.005            0       0            0       0
     33       60.511       511402       0            0       0
     34       64.000            0       0            0       0
     35       66.006      2511702       1          784     208
     36       67.000          900       0            0       0
     37       67.000       525100       0            0       0
     38       68.007            0       0            0       0
     39       68.534       521402       0            0       0
     40       72.000            0       0            0       0
     41       74.010      2521702       1          769     208
     42       75.000            0       0            0       0
     43       78.012       533100       0            0       0
     44       79.005            0       0            0       0
     45       79.507       533404       0            0       0
     46       83.000            0       0            0       0
     47       85.013      2533704       1          765     208
     48       86.000            0       0            0       0
     49       89.006       523100       0            0       0
     50       90.008            0       0            0       0
     51       90.506       521402       0            0       0
     52       94.000            0       0            0       0
     53       96.010      2521702       1          587     208
     54       97.000            0       0            0       0
     55      100.006       583100       0            0       0
     56      101.005            0       0            0       0
     57      101.506       585406       0            0       0
     58      105.000            0       0            0       0
     59      107.006      1585706       1          871     203
     60      108.002            0       0            0       0
     61      111.007       521100       0            0       0
     62      112.005            0       0            0       0
     63      112.512       523404       0            0       0
     64      116.000            0       0            0       0
     65      118.018      2523704       1          660     208
     66      119.000            0       0            0       0
     67      122.006       505100       0            0       0
     68      123.007            0       0            0       0
     69      123.507       505406       0            0       0
     70      127.000            0       0            0       0
     71      129.009      1505706       1          748     203
     72      130.000          900       0            0       0
     73      130.000       493100       0            0       0
     74      131.005            0       0            0       0
     75      131.506       493406       0            0       0
     76      135.000            0       0            0       0
     77      137.006      1493706       1         1045     208
     78      138.000            0       0            0       0
     79      141.006       563100       0            0       0
     80      142.005            0       0            0       0
     81      142.506       565408       0            0       0
     82      146.000            0       0            0       0
     83      148.007      2565708       1          893     208
     84      149.000            0       0            0       0
     85      152.006       593100       0            0       0
     86      153.006            0       0            0       0
     87      153.506       591404       0            0       0
     88      157.000            0       0            0       0
     89      159.007      2591704       1          696     208
     90      160.000            0       0            0       0
     91      163.007       583100       0            0       0
     92      164.005            0       0            0       0
     93      164.506       583406       0            0       0
     94      168.000            0       0            0       0
     95      170.008      1583706       1          846     203
     96      171.000            0       0            0       0
     97      174.006       543100       0            0       0
     98      175.006            0       0            0       0
     99      175.506       541404       0            0       0
    100      179.000            0       0            0       0
    101      181.006      1541704       1          770     203
    102      182.000            0       0            0       0
    103      185.007       541100       0            0       0
    104      186.005            0       0            0       0
    105      186.506       545408       0            0       0
    106      190.000            0       0            0       0
    107      192.006      1545708       1         1100     208
    108      193.000          900       0            0       0
    109      193.001       523100       0            0       0
    110      194.007            0       0            0       0
    111      194.506       521404       0            0       0
    112      198.000            0       0            0       0
    113      200.007      1521704       1          988     203
    114      201.000            0       0            0       0
    115      204.008       561100       0            0       0
    116      205.006            0       0            0       0
    117      205.508       565408       0            0       0
    118      209.000            0       0            0       0
    119      211.006      1565708       1          823     208
    120      212.000            0       0            0       0
    121      215.027       535100       0            0       0
    122      216.014            0       0            0       0
    123      216.514       533406       0            0       0
    124      220.000            0       0            0       0
    125      222.007      2533706       1          623     208
    126      223.000            0       0            0       0
    127      226.007       505100       0            0       0
    128      227.005            0       0            0       0
    129      227.520       503406       0            0       0
    130      231.000            0       0            0       0
    131      233.006      2503706       1          711     208
    132      234.000            0       0            0       0
    133      237.006       573100       0            0       0
    134      238.014            0       0            0       0
    135      238.515       575408       0            0       0
    136      242.000            0       0            0       0
    137      244.008      2575708       1          713     208
    138      245.000            0       0            0       0
    139      248.007       583100       0            0       0
    140      249.006            0       0            0       0
    141      249.507       581404       0            0       0
    142      253.000            0       0            0       0
    143      255.008      1581704       1         1136     203
    144      256.000          900       0            0       0
    145      256.000       591100       0            0       0
    146      257.005            0       0            0       0
    147      257.506       591402       0            0       0
    148      261.000            0       0            0       0
    149      263.007      2591702       1          639     208
    150      264.000            0       0            0       0
    151      267.022       525100       0            0       0
    152      268.031            0       0            0       0
    153      268.509       525406       0            0       0
    154      272.000            0       0            0       0
    155      274.008      1525706       1          755     203
    156      275.000            0       0            0       0
    157      278.007       535100       0            0       0
    158      279.006            0       0            0       0
    159      279.509       533404       0            0       0
    160      283.000            0       0            0       0
    161      285.007      1533704       1          819     203
    162      286.000            0       0            0       0
    163      289.008       525100       0            0       0
    164      290.006            0       0            0       0
    165      290.517       525406       0            0       0
    166      294.000            0       0            0       0
    167      296.007      2525706       1          695     208
    168      297.000            0       0            0       0
    169      300.006       553100       0            0       0
    170      301.006            0       0            0       0
    171      301.506       551402       0            0       0
    172      305.000            0       0            0       0
    173      307.009      2551702       1          857     208
    174      308.000            0       0            0       0
    175      311.008       593100       0            0       0
    176      312.031            0       0            0       0
    177      312.523       593404       0            0       0
    178      316.000            0       0            0       0
    179      318.006      1593704       1          657     203
    180      319.000          900       0            0       0
    181      319.000            0       0            0       0
    182      323.001            0       0            0       0
