      0        0.001            0       0            0       0
      1        3.989       500300       0            0       0
      2        4.988            0       0            0       0
      3        9.989       311200       0            0       0
      4       10.988            0       0            0       0
      5       11.489       311504       0            0       0
      6       14.987            0       0            0       0
      7       16.989      1311804       1          695      49
      8       17.987            0       0            0       0
      9       19.989       345200       0            0       0
     10       20.988            0       0            0       0
     11       21.489       345508       0            0       0
     12       24.987            0       0            0       0
     13       26.989      1345808       1          655      50
     14       27.987            0       0            0       0
     15       29.989       535100       0            0       0
     16       30.988            0       0            0       0
     17       31.489       535408       0            0       0
     18       34.987            0       0            0       0
     19       36.989      1535708       1          760      50
     20       37.987            0       0            0       0
     21       45.989       483100       0            0       0
     22       46.988            0       0            0       0
     23       47.489       483406       0            0       0
     24       50.987            0       0            0       0
     25       52.989      1483706       1          744      49
     26       53.987            0       0            0       0
     27       59.989       481100       0            0       0
     28       60.988            0       0            0       0
     29       61.489       481404       0            0       0
     30       64.987            0       0            0       0
     31       66.989      1481704       1          625      49
     32       67.987            0       0            0       0
     33       69.989       313200       0            0       0
     34       70.988            0       0            0       0
     35       71.490       313506       0            0       0
     36       74.987            0       0            0       0
     37       76.989      1313806       1          729      49
     38       77.987            0       0            0       0
     39       79.989       505100       0            0       0
     40       80.988            0       0            0       0
     41       81.489       505408       0            0       0
     42       84.987            0       0            0       0
     43       86.989      2505708       1          625      50
     44       87.987            0       0            0       0
     45       89.989       285200       0            0       0
     46       90.988            0       0            0       0
     47       91.489       285508       0            0       0
     48       94.987            0       0            0       0
     49       96.989      2285808       1          690      50
     50       97.987            0       0            0       0
     51       99.989       270600       0            0       0
     52      100.988            0       0            0       0
     53      105.989       521100       0            0       0
     54      106.988            0       0            0       0
     55      107.489       521404       0            0       0
     56      110.987            0       0            0       0
     57      112.989      2521704       1          674      50
     58      113.987            0       0            0       0
     59      115.989       470300       0            0       0
     60      116.988            0       0            0       0
     61      123.989       333200       0            0       0
     62      124.988            0       0            0       0
     63      125.489       333506       0            0       0
     64      128.987            0       0            0       0
     65      130.989      1333806       1          643      50
     66      131.987            0       0            0       0
     67      135.989       553100       0            0       0
     68      136.988            0       0            0       0
     69      137.489       553406       0            0       0
     70      140.987            0       0            0       0
     71      142.989      2553706       1          683      50
     72      143.987            0       0            0       0
     73      147.989       535100       0            0       0
     74      148.988            0       0            0       0
     75      149.489       535408       0            0       0
     76      152.987            0       0            0       0
     77      154.989      2535708       1          876      50
     78      155.987            0       0            0       0
     79      157.989       223200       0            0       0
     80      158.988            0       0            0       0
     81      159.489       223506       0            0       0
     82      162.987            0       0            0       0
     83      164.989      2223806       1          668      50
     84      165.987            0       0            0       0
     85      171.989       300600       0            0       0
     86      172.988            0       0            0       0
     87      177.989       251200       0            0       0
     88      178.989            0       0            0       0
     89      179.489       251504       0            0       0
     90      182.987            0       0            0       0
     91      184.989      2251804       1          645      50
     92      185.987            0       0            0       0
     93      191.989       535100       0            0       0
     94      192.988            0       0            0       0
     95      193.489       535408       0            0       0
     96      196.987            0       0            0       0
     97      198.989      1535708       1          685      49
     98      199.987            0       0            0       0
     99      203.989       181200       0            0       0
    100      204.988            0       0            0       0
    101      205.489       181504       0            0       0
    102      208.987            0       0            0       0
    103      210.989      1181804       1          693      49
    104      211.987            0       0            0       0
    105      213.989       503100       0            0       0
    106      214.988            0       0            0       0
    107      215.489       503406       0            0       0
    108      218.987            0       0            0       0
    109      220.989      2503706       1          694      50
    110      221.987            0       0            0       0
    111      223.989       293200       0            0       0
    112      224.988            0       0            0       0
    113      225.489       293506       0            0       0
    114      228.987            0       0            0       0
    115      230.989      1293806       1          894      49
    116      231.987            0       0            0       0
    117      235.989       340600       0            0       0
    118      236.988            0       0            0       0
    119      241.989       483100       0            0       0
    120      242.988            0       0            0       0
    121      243.489       483406       0            0       0
    122      246.987            0       0            0       0
    123      248.989      2483706       1          799      50
    124      249.987            0       0            0       0
    125      251.989       295200       0            0       0
    126      252.988            0       0            0       0
    127      253.489       295508       0            0       0
    128      256.987            0       0            0       0
    129      258.989      2295808       1          879      50
    130      259.987            0       0            0       0
    131      263.989       481100       0            0       0
    132      264.988            0       0            0       0
    133      265.489       481404       0            0       0
    134      268.987            0       0            0       0
    135      270.989      1481704       1         1000      49
    136      271.987            0       0            0       0
    137      273.989       221200       0            0       0
    138      274.988            0       0            0       0
    139      275.489       221504       0            0       0
    140      278.987            0       0            0       0
    141      280.989      2221804       1          600      50
    142      281.987            0       0            0       0
    143      283.989       521100       0            0       0
    144      284.988            0       0            0       0
    145      285.489       521404       0            0       0
    146      288.987            0       0            0       0
    147      290.989      1521704       1          640      49
    148      291.987            0       0            0       0
    149      295.989       243200       0            0       0
    150      296.988            0       0            0       0
    151      297.489       243506       0            0       0
    152      300.987            0       0            0       0
    153      302.989      2243806       1          680      50
    154      303.987            0       0            0       0
    155      305.989       543100       0            0       0
    156      306.988            0       0            0       0
    157      307.489       543406       0            0       0
    158      310.987            0       0            0       0
    159      312.989      1543706       1          689      50
    160      313.987            0       0            0       0
    161      315.989       480300       0            0       0
    162      316.988            0       0            0       0
    163      321.989       525100       0            0       0
    164      322.988            0       0            0       0
    165      323.489       525408       0            0       0
    166      326.987            0       0            0       0
    167      328.989      1525708       1          673      50
    168      329.987            0       0            0       0
    169      333.989       580300       0            0       0
    170      334.988            0       0            0       0
    171      339.989       305200       0            0       0
    172      340.988            0       0            0       0
    173      341.490       305508       0            0       0
    174      344.987            0       0            0       0
    175      346.989      2305808       1         1026      49
    176      347.987            0       0            0       0
    177      353.989       301200       0            0       0
    178      354.988            0       0            0       0
    179      355.489       301504       0            0       0
    180      358.987            0       0            0       0
    181      360.989      2301804       1          642      49
    182      361.987            0       0            0       0
    183      363.989       270600       0            0       0
    184      364.988            0       0            0       0
    185      371.989       255200       0            0       0
    186      372.988            0       0            0       0
    187      373.489       255508       0            0       0
    188      376.987            0       0            0       0
    189      378.989      1255808       1          931      50
    190      379.987            0       0            0       0
    191      381.989       521100       0            0       0
    192      382.988            0       0            0       0
    193      383.489       521404       0            0       0
    194      386.987            0       0            0       0
    195      388.989      2521704       1          627      50
    196      389.987            0       0            0       0
    197      400.987            0       0            0       0
