      0        0.001            0       0            0       0
      1        3.989       225200       0            0       0
      2        4.988            0       0            0       0
      3        5.489       225508       0            0       0
      4        8.987            0       0            0       0
      5       10.989      1225808       1          727      50
      6       11.987            0       0            0       0
      7       17.989       503100       0            0       0
      8       18.988            0       0            0       0
      9       19.489       503406       0            0       0
     10       22.987            0       0            0       0
     11       24.989      1503706       1          823      49
     12       25.987            0       0            0       0
     13       31.989       320600       0            0       0
     14       32.988            0       0            0       0
     15       37.989       315200       0            0       0
     16       38.988            0       0            0       0
     17       39.489       315508       0            0       0
     18       42.987            0       0            0       0
     19       44.989      2315808       1          664      50
     20       45.987            0       0            0       0
     21       47.989       515100       0            0       0
     22       48.988            0       0            0       0
     23       49.489       515408       0            0       0
     24       52.987            0       0            0       0
     25       54.989      2515708       1          600      50
     26       55.987            0       0            0       0
     27       61.989       511100       0            0       0
     28       62.988            0       0            0       0
     29       63.489       511404       0            0       0
     30       66.987            0       0            0       0
     31       68.989      1511704       1          521      49
     32       69.987            0       0            0       0
     33       71.989       520300       0            0       0
     34       72.988            0       0            0       0
     35       79.989       273200       0            0       0
     36       80.988            0       0            0       0
     37       81.489       273506       0            0       0
     38       84.987            0       0            0       0
     39       86.989      1273806       1          841      50
     40       87.987            0       0            0       0
     41       89.989       340600       0            0       0
     42       90.988            0       0            0       0
     43       95.989       535100       0            0       0
     44       96.988            0       0            0       0
     45       97.489       535408       0            0       0
     46      100.987            0       0            0       0
     47      102.989      1535708       1          578      49
     48      103.987            0       0            0       0
     49      107.989       291200       0            0       0
     50      108.988            0       0            0       0
     51      109.489       291504       0            0       0
     52      112.987            0       0            0       0
     53      114.989      2291804       1          562      50
     54      115.987            0       0            0       0
     55      117.989       453100       0            0       0
     56      118.988            0       0            0       0
     57      119.489       453406       0            0       0
     58      122.987            0       0            0       0
     59      124.989      2453706       1          667      50
     60      125.987            0       0            0       0
     61      127.989       325200       0            0       0
     62      128.988            0       0            0       0
     63      129.489       325508       0            0       0
     64      132.987            0       0            0       0
     65      134.989      1325808       1          691      49
     66      135.987            0       0            0       0
     67      139.989       521100       0            0       0
     68      140.988            0       0            0       0
     69      141.489       521404       0            0       0
     70      144.987            0       0            0       0
     71      146.989      1521704       1          715      49
     72      147.987            0       0            0       0
     73      149.989       263200       0            0       0
     74      150.988            0       0            0       0
     75      151.489       263506       0            0       0
     76      154.987            0       0            0       0
     77      156.989      1263806       1          835      49
     78      157.987            0       0            0       0
     79      159.989       553100       0            0       0
     80      160.988            0       0            0       0
     81      161.489       553406       0            0       0
     82      164.987            0       0            0       0
     83      166.989      2553706       1          812      50
     84      167.987            0       0            0       0
     85      171.989       341200       0            0       0
     86      172.988            0       0            0       0
     87      173.489       341504       0            0       0
     88      176.987            0       0            0       0
     89      178.989      2341804       1          692      50
     90      179.987            0       0            0       0
     91      181.989       515100       0            0       0
     92      182.988            0       0            0       0
     93      183.489       515408       0            0       0
     94      186.987            0       0            0       0
     95      188.989      1515708       1         1133      49
     96      189.987            0       0            0       0
     97      191.989       321200       0            0       0
     98      192.988            0       0            0       0
     99      193.489       321504       0            0       0
    100      196.987            0       0            0       0
    101      198.989      1321804       1          669      49
    102      199.987            0       0            0       0
    103      201.989       270600       0            0       0
    104      202.988            0       0            0       0
    105      209.989       303200       0            0       0
    106      210.988            0       0            0       0
    107      211.489       303506       0            0       0
    108      214.987            0       0            0       0
    109      216.989      1303806       1          709      49
    110      217.987            0       0            0       0
    111      225.989       550300       0            0       0
    112      226.988            0       0            0       0
    113      231.989       453100       0            0       0
    114      232.988            0       0            0       0
    115      233.489       453406       0            0       0
    116      236.987            0       0            0       0
    117      238.989      1453706       1          494      49
    118      239.987            0       0            0       0
    119      241.989       500300       0            0       0
    120      242.988            0       0            0       0
    121      247.989       293200       0            0       0
    122      248.988            0       0            0       0
    123      249.489       293506       0            0       0
    124      252.987            0       0            0       0
    125      254.989      2293806       1          695      50
    126      255.987            0       0            0       0
    127      257.989       525100       0            0       0
    128      258.988            0       0            0       0
    129      259.489       525408       0            0       0
    130      262.987            0       0            0       0
    131      264.989      1525708       1          671      49
    132      265.987            0       0            0       0
    133      267.989       313200       0            0       0
    134      268.988            0       0            0       0
    135      269.489       313506       0            0       0
    136      272.987            0       0            0       0
    137      274.989      2313806       1          719      50
    138      275.987            0       0            0       0
    139      277.989       501100       0            0       0
    140      278.988            0       0            0       0
    141      279.489       501404       0            0       0
    142      282.987            0       0            0       0
    143      284.989      2501704       1          776      50
    144      285.987            0       0            0       0
    145      287.989       345200       0            0       0
    146      288.988            0       0            0       0
    147      289.489       345508       0            0       0
    148      292.987            0       0            0       0
    149      294.989      2345808       1          744      50
    150      295.987            0       0            0       0
    151      297.989       503100       0            0       0
    152      298.988            0       0            0       0
    153      299.489       503406       0            0       0
    154      302.987            0       0            0       0
    155      304.989      2503706       1          712      50
    156      305.987            0       0            0       0
    157      307.989       201200       0            0       0
    158      308.988            0       0            0       0
    159      309.489       201504       0            0       0
    160      312.987            0       0            0       0
    161      314.989      2201804       1          761      50
    162      315.987            0       0            0       0
    163      319.989       471100       0            0       0
    164      320.988            0       0            0       0
    165      321.489       471404       0            0       0
    166      324.987            0       0            0       0
    167      326.989      1471704       1          721      50
    168      327.987            0       0            0       0
    169      331.989       325200       0            0       0
    170      332.988            0       0            0       0
    171      333.489       325508       0            0       0
    172      336.987            0       0            0       0
    173      338.989      2325808       1          793      50
    174      339.987            0       0            0       0
    175      343.989       190600       0            0       0
    176      344.988            0       0            0       0
    177      349.989       491100       0            0       0
    178      350.988            0       0            0       0
    179      351.489       491404       0            0       0
    180      354.987            0       0            0       0
    181      356.989      2491704       1          554      50
    182      357.987            0       0            0       0
    183      361.989       505100       0            0       0
    184      362.988            0       0            0       0
    185      363.489       505408       0            0       0
    186      366.987            0       0            0       0
    187      368.989      2505708       1          770      50
    188      369.987            0       0            0       0
    189      373.989       500300       0            0       0
    190      374.988            0       0            0       0
    191      379.989       201200       0            0       0
    192      380.988            0       0            0       0
    193      381.489       201504       0            0       0
    194      384.987            0       0            0       0
    195      386.989      1201804       1          819      49
    196      387.987            0       0            0       0
    197      400.987            0       0            0       0
