      0        0.001            0       0            0       0
      1        3.989       270600       0            0       0
      2        4.988            0       0            0       0
      3        9.989       501100       0            0       0
      4       10.988            0       0            0       0
      5       11.489       501404       0            0       0
      6       14.987            0       0            0       0
      7       16.989      1501704       1          527      49
      8       17.987            0       0            0       0
      9       23.989       341200       0            0       0
     10       24.988            0       0            0       0
     11       25.489       341504       0            0       0
     12       28.987            0       0            0       0
     13       30.989      2341804       1          720      50
     14       31.987            0       0            0       0
     15       35.989       521100       0            0       0
     16       36.988            0       0            0       0
     17       37.489       521404       0            0       0
     18       40.987            0       0            0       0
     19       42.989      2521704       1          704      50
     20       43.987            0       0            0       0
     21       45.989       550300       0            0       0
     22       46.988            0       0            0       0
     23       53.989       505100       0            0       0
     24       54.988            0       0            0       0
     25       55.489       505408       0            0       0
     26       58.987            0       0            0       0
     27       60.989      1505708       1          904      49
     28       61.987            0       0            0       0
     29       63.989       253200       0            0       0
     30       64.988            0       0            0       0
     31       65.489       253506       0            0       0
     32       68.987            0       0            0       0
     33       70.989      1253806       1          497      49
     34       71.987            0       0            0       0
     35       73.989       553100       0            0       0
     36       74.988            0       0            0       0
     37       75.489       553406       0            0       0
     38       78.987            0       0            0       0
     39       80.989      1553706       1          625      49
     40       81.987            0       0            0       0
     41       83.989       315200       0            0       0
     42       84.988            0       0            0       0
     43       85.489       315508       0            0       0
     44       88.987            0       0            0       0
     45       90.989      1315808       1          905      49
     46       91.987            0       0            0       0
     47       93.989       533100       0            0       0
     48       94.988            0       0            0       0
     49       95.489       533406       0            0       0
     50       98.987            0       0            0       0
     51      100.989      2533706       1          754      50
     52      101.987            0       0            0       0
     53      107.989       193200       0            0       0
     54      108.988            0       0            0       0
     55      109.489       193506       0            0       0
     56      112.987            0       0            0       0
     57      114.989      2193806       1          594      50
     58      115.987            0       0            0       0
     59      117.989       455100       0            0       0
     60      118.988            0       0            0       0
     61      119.489       455408       0            0       0
     62      122.987            0       0            0       0
     63      124.989      1455708       1          635      50
     64      125.987            0       0            0       0
     65      129.989       255200       0            0       0
     66      130.988            0       0            0       0
     67      131.489       255508       0            0       0
     68      134.987            0       0            0       0
     69      136.989      2255808       1          675      50
     70      137.987            0       0            0       0
     71      143.989       550300       0            0       0
     72      144.988            0       0            0       0
     73      149.989       473100       0            0       0
     74      150.988            0       0            0       0
     75      151.489       473406       0            0       0
     76      154.987            0       0            0       0
     77      156.989      2473706       1          596      50
     78      157.987            0       0            0       0
     79      159.989       173200       0            0       0
     80      160.988            0       0            0       0
     81      161.489       173506       0            0       0
     82      164.987            0       0            0       0
     83      166.989      1173806       1         1124      50
     84      167.987            0       0            0       0
     85      171.989       531100       0            0       0
     86      172.988            0       0            0       0
     87      173.489       531404       0            0       0
     88      176.987            0       0            0       0
     89      178.989      1531704       1          492      49
     90      179.987            0       0            0       0
     91      181.989       251200       0            0       0
     92      182.988            0       0            0       0
     93      183.489       251504       0            0       0
     94      186.987            0       0            0       0
     95      188.989      2251804       1          621      50
     96      189.987            0       0            0       0
     97      193.989       280600       0            0       0
     98      194.988            0       0            0       0
     99      199.989       525100       0            0       0
    100      200.988            0       0            0       0
    101      201.489       525408       0            0       0
    102      204.987            0       0            0       0
    103      206.989      2525708       1          653      50
    104      207.987            0       0            0       0
    105      209.989       215200       0            0       0
    106      210.988            0       0            0       0
    107      211.489       215508       0            0       0
    108      214.987            0       0            0       0
    109      216.989      1215808       1          709      50
    110      217.987            0       0            0       0
    111      219.989       260600       0            0       0
    112      220.988            0       0            0       0
    113      225.989       251200       0            0       0
    114      226.988            0       0            0       0
    115      227.489       251504       0            0       0
    116      230.987            0       0            0       0
    117      232.989      1251804       1          910      50
    118      233.987            0       0            0       0
    119      239.989       245200       0            0       0
    120      240.988            0       0            0       0
    121      241.489       245508       0            0       0
    122      244.987            0       0            0       0
    123      246.989      2245808       1          671      50
    124      247.987            0       0            0       0
    125      251.989       525100       0            0       0
    126      252.988            0       0            0       0
    127      253.489       525408       0            0       0
    128      256.987            0       0            0       0
    129      258.989      1525708       1          927      50
    130      259.987            0       0            0       0
    131      261.989       510300       0            0       0
    132      262.988            0       0            0       0
    133      267.989       241200       0            0       0
    134      268.988            0       0            0       0
    135      269.489       241504       0            0       0
    136      272.987            0       0            0       0
    137      274.989      1241804       1          551      49
    138      275.987            0       0            0       0
    139      277.989       493100       0            0       0
    140      278.988            0       0            0       0
    141      279.489       493406       0            0       0
    142      282.987            0       0            0       0
    143      284.989      2493706       1          640      50
    144      285.987            0       0            0       0
    145      287.989       271200       0            0       0
    146      288.988            0       0            0       0
    147      289.489       271504       0            0       0
    148      292.987            0       0            0       0
    149      294.989      2271804       1          680      50
    150      295.987            0       0            0       0
    151      297.989       481100       0            0       0
    152      298.988            0       0            0       0
    153      299.489       481404       0            0       0
    154      302.987            0       0            0       0
    155      304.989      2481704       1          696      50
    156      305.987            0       0            0       0
    157      309.989       233200       0            0       0
    158      310.988            0       0            0       0
    159      311.489       233506       0            0       0
    160      314.987            0       0            0       0
    161      316.989      1233806       1          561      49
    162      317.987            0       0            0       0
    163      319.989       310600       0            0       0
    164      320.988            0       0            0       0
    165      327.989       473100       0            0       0
    166      328.988            0       0            0       0
    167      329.489       473406       0            0       0
    168      332.987            0       0            0       0
    169      334.989      1473706       1          585      49
    170      335.987            0       0            0       0
    171      339.989       510300       0            0       0
    172      340.988            0       0            0       0
    173      345.989       255200       0            0       0
    174      346.988            0       0            0       0
    175      347.489       255508       0            0       0
    176      350.987            0       0            0       0
    177      352.989      2255808       1          650      50
    178      353.987            0       0            0       0
    179      355.989       495100       0            0       0
    180      356.988            0       0            0       0
    181      357.489       495408       0            0       0
    182      360.987            0       0            0       0
    183      362.989      2495708       1          674      50
    184      363.987            0       0            0       0
    185      367.989       571100       0            0       0
    186      368.988            0       0            0       0
    187      369.489       571404       0            0       0
    188      372.987            0       0            0       0
    189      374.989      1571704       1          763      49
    190      375.987            0       0            0       0
    191      377.989       333200       0            0       0
    192      378.988            0       0            0       0
    193      379.489       333506       0            0       0
    194      382.987            0       0            0       0
    195      384.989      2333806       1          747      50
    196      385.987            0       0            0       0
    197      400.987            0       0            0       0
