      0        0.001            0       0            0       0
      1        3.989       303200       0            0       0
      2        4.988            0       0            0       0
      3        5.489       303506       0            0       0
      4        8.987            0       0            0       0
      5       10.989      1303806       1          769      50
      6       11.987            0       0            0       0
      7       13.989       531100       0            0       0
      8       14.988            0       0            0       0
      9       15.489       531404       0            0       0
     10       18.987            0       0            0       0
     11       20.989      1531704       1          785      49
     12       21.987            0       0            0       0
     13       27.989       330600       0            0       0
     14       28.988            0       0            0       0
     15       33.989       543100       0            0       0
     16       34.988            0       0            0       0
     17       35.489       543406       0            0       0
     18       38.987            0       0            0       0
     19       40.989      2543706       1          641      50
     20       41.987            0       0            0       0
     21       45.989       275200       0            0       0
     22       46.988            0       0            0       0
     23       47.489       275508       0            0       0
     24       50.987            0       0            0       0
     25       52.989      1275808       1          682      49
     26       53.987            0       0            0       0
     27       55.989       190600       0            0       0
     28       56.988            0       0            0       0
     29       61.989       261200       0            0       0
     30       62.988            0       0            0       0
     31       63.489       261504       0            0       0
     32       66.987            0       0            0       0
     33       68.989      2261804       1          683      50
     34       69.987            0       0            0       0
     35       71.989       575100       0            0       0
     36       72.988            0       0            0       0
     37       73.489       575408       0            0       0
     38       76.987            0       0            0       0
     39       78.989      2575708       1          675      50
     40       79.987            0       0            0       0
     41       81.989       295200       0            0       0
     42       82.988            0       0            0       0
     43       83.489       295508       0            0       0
     44       86.987            0       0            0       0
     45       88.989      2295808       1          675      50
     46       89.987            0       0            0       0
     47       91.989       545100       0            0       0
     48       92.988            0       0            0       0
     49       93.489       545408       0            0       0
     50       96.987            0       0            0       0
     51       98.989      1545708       1          884      49
     52       99.987            0       0            0       0
     53      105.989       461100       0            0       0
     54      106.988            0       0            0       0
     55      107.489       461404       0            0       0
     56      110.987            0       0            0       0
     57      112.989      1461704       1          524      49
     58      113.987            0       0            0       0
     59      117.989       480300       0            0       0
     60      118.988            0       0            0       0
     61      123.989       283200       0            0       0
     62      124.988            0       0            0       0
     63      125.489       283506       0            0       0
     64      128.987            0       0            0       0
     65      130.989      2283806       1          629      50
     66      131.987            0       0            0       0
     67      137.989       575100       0            0       0
     68      138.988            0       0            0       0
     69      139.489       575408       0            0       0
     70      142.987            0       0            0       0
     71      144.989      1575708       1          581      49
     72      145.987            0       0            0       0
     73      147.989       480300       0            0       0
     74      148.988            0       0            0       0
     75      155.989       503100       0            0       0
     76      156.988            0       0            0       0
     77      157.489       503406       0            0       0
     78      160.987            0       0            0       0
     79      162.989      1503706       1          606      49
     80      163.987            0       0            0       0
     81      165.989       321200       0            0       0
     82      166.988            0       0            0       0
     83      167.489       321504       0            0       0
     84      170.987            0       0            0       0
     85      172.989      1321804       1          862      49
     86      173.987            0       0            0       0
     87      179.989       251200       0            0       0
     88      180.988            0       0            0       0
     89      181.489       251504       0            0       0
     90      184.987            0       0            0       0
     91      186.989      2251804       1          631      50
     92      187.987            0       0            0       0
     93      191.989       523100       0            0       0
     94      192.988            0       0            0       0
     95      193.489       523406       0            0       0
     96      196.987            0       0            0       0
     97      198.989      1523706       1          759      50
     98      199.987            0       0            0       0
     99      201.989       345200       0            0       0
    100      202.988            0       0            0       0
    101      203.489       345508       0            0       0
    102      206.987            0       0            0       0
    103      208.989      2345808       1          815      50
    104      209.987            0       0            0       0
    105      211.989       513100       0            0       0
    106      212.988            0       0            0       0
    107      213.489       513406       0            0       0
    108      216.987            0       0            0       0
    109      218.989      2513706       1          640      50
    110      219.987            0       0            0       0
    111      227.989       530300       0            0       0
    112      228.988            0       0            0       0
    113      233.989       501100       0            0       0
    114      234.988            0       0            0       0
    115      235.489       501404       0            0       0
    116      238.987            0       0            0       0
    117      240.989      1501704       1          744      49
    118      241.987            0       0            0       0
    119      245.989       301200       0            0       0
    120      246.988            0       0            0       0
    121      247.489       301504       0            0       0
    122      250.987            0       0            0       0
    123      252.989      1301804       1          729      50
    124      253.987            0       0            0       0
    125      255.989       551100       0            0       0
    126      256.988            0       0            0       0
    127      257.489       551404       0            0       0
    128      260.987            0       0            0       0
    129      262.989      2551704       1          769      50
    130      263.987            0       0            0       0
    131      265.989       295200       0            0       0
    132      266.988            0       0            0       0
    133      267.489       295508       0            0       0
    134      270.987            0       0            0       0
    135      272.989      1295808       1          657      50
    136      273.987            0       0            0       0
    137      277.989       250600       0            0       0
    138      278.988            0       0            0       0
    139      283.989       505100       0            0       0
    140      284.988            0       0            0       0
    141      285.489       505408       0            0       0
    142      288.987            0       0            0       0
    143      290.989      2505708       1          674      50
    144      291.987            0       0            0       0
    145      295.989       273200       0            0       0
    146      296.988            0       0            0       0
    147      297.489       273506       0            0       0
    148      300.987            0       0            0       0
    149      302.989      1273806       1          866      50
    150      303.987            0       0            0       0
    151      305.989       455100       0            0       0
    152      306.988            0       0            0       0
    153      307.489       455408       0            0       0
    154      310.987            0       0            0       0
    155      312.989      1455708       1          891      50
    156      313.987            0       0            0       0
    157      315.989       253200       0            0       0
    158      316.988            0       0            0       0
    159      317.489       253506       0            0       0
    160      320.987            0       0            0       0
    161      322.989      2253806       1          619      50
    162      323.987            0       0            0       0
    163      325.989       473100       0            0       0
    164      326.988            0       0            0       0
    165      327.489       473406       0            0       0
    166      330.987            0       0            0       0
    167      332.989      2473706       1          715      50
    168      333.987            0       0            0       0
    169      335.989       450300       0            0       0
    170      336.988            0       0            0       0
    171      341.989       311200       0            0       0
    172      342.988            0       0            0       0
    173      343.489       311504       0            0       0
    174      346.987            0       0            0       0
    175      348.989      2311804       1          683      50
    176      349.987            0       0            0       0
    177      351.989       320600       0            0       0
    178      352.988            0       0            0       0
    179      359.989       481100       0            0       0
    180      360.988            0       0            0       0
    181      361.489       481404       0            0       0
    182      364.987            0       0            0       0
    183      366.989      2481704       1          612      50
    184      367.987            0       0            0       0
    185      369.989       243200       0            0       0
    186      370.988            0       0            0       0
    187      371.489       243506       0            0       0
    188      374.987            0       0            0       0
    189      376.989      1243806       1            0       0
    190      377.987            0       0            0       0
    191      381.989       215200       0            0       0
    192      382.988            0       0            0       0
    193      383.489       215508       0            0       0
    194      386.987            0       0            0       0
    195      388.989      2215808       1          813      50
    196      389.987            0       0            0       0
    197      400.987            0       0            0       0
